[Oct/27/2020 | 11:36:48pm]  Login attempt from User: tashi | Login Successful.
 [Oct/27/2020 | 11:36:48pm]  Login attempt from User: tashi | Login Successful.
 [Oct/27/2020 | 11:54:09pm]    Login attempt from User: tashi | Login Successful.
 [Oct/27/2020 | 11:54:09pm]    Login attempt from User: tashi | Login Successful.
 [Oct/27/2020 | 11:58:20pm]    Login attempt from User: tashi | Login Successful.
 [Oct/27/2020 | 11:58:20pm]    Login attempt from User: tashi | Login Successful.
 [Oct/27/2020 | 11:59:57pm]    Login attempt from User: tashi | Login Successful.
 [Oct/27/2020 | 11:59:57pm]    Login attempt from User: tashi | Login Successful.
 [Nov/03/2020 | 11:34:54am]  Login attempt failed due to null entry.
 [Nov/03/2020 | 11:34:54am]  Login attempt failed due to null entry.
 [ Nov/03/2020 | 12:22:17pm ]   Login attempt from User: tds34 | Login Successful.
 [ Nov/03/2020 | 12:22:17pm ]   Login attempt from User: tds34 | Login Successful.
 [ Nov/03/2020 | 12:35:15pm ]   Login attempt from User: tds34 | Login Successful.
 [ Nov/03/2020 | 12:35:15pm ]   Login attempt from User: tds34 | Login Successful.
 [ Nov/03/2020 | 12:35:26pm ]   Login attempt from User: tds34 | Login Successful.
 [ Nov/03/2020 | 12:35:26pm ]   Login attempt from User: tds34 | Login Successful.
 [ Nov/03/2020 | 12:38:01pm ]   Login attempt from User: tds34 | Login Successful.
 [ Nov/03/2020 | 12:38:01pm ]   Login attempt from User: tds34 | Login Successful.
 [ Nov/03/2020 | 12:45:23pm ]   Login attempt from User: tds34 | Failed due to incorrect credentials.
 [ Nov/03/2020 | 12:45:23pm ]   Login attempt from User: tds34 | Failed due to incorrect credentials.
 [ Nov/03/2020 | 12:54:30pm ]   Login attempt from User: tds34 | Login Successful.
 [ Nov/03/2020 | 12:54:30pm ]   Login attempt from User: tds34 | Login Successful.
 [ Nov/03/2020 | 12:55:42pm ]   Login attempt from User: tas | Failed due to incorrect credentials.
 [ Nov/03/2020 | 12:55:42pm ]   Login attempt from User: tas | Failed due to incorrect credentials.
 [ Nov/03/2020 | 01:05:35pm ]   Login attempt from User: tds34 | Login Successful.
 [ Nov/03/2020 | 01:05:35pm ]   Login attempt from User: tds34 | Login Successful.
 [ Nov/03/2020 | 01:11:24pm ]   Login attempt from User: tds34 | Login Successful.
 [ Nov/03/2020 | 01:11:24pm ]   Login attempt from User: tds34 | Login Successful.
 [ Nov/03/2020 | 01:19:55pm ]   Login attempt from User: tds34 | Login Successful.
 [ Nov/03/2020 | 01:19:55pm ]   Login attempt from User: tds34 | Login Successful.
 [Nov/03/2020 | 01:50:32pm]    Login attempt from User: divyap | Login Successful.
 [Nov/03/2020 | 01:50:32pm]    Login attempt from User: divyap | Login Successful.
 [Nov/03/2020 | 01:53:38pm]    Login attempt from User: pateld | Login Successful.
 [Nov/03/2020 | 01:53:38pm]    Login attempt from User: pateld | Login Successful.
 [Nov/03/2020 | 02:01:01pm]    Login attempt from User: pateld | Login Successful.
 [Nov/03/2020 | 02:01:01pm]    Login attempt from User: pateld | Login Successful.
 [ Nov/03/2020 | 02:45:25pm ]   Login attempt from User: tds34 | Login Successful.
 [ Nov/03/2020 | 02:45:25pm ]   Login attempt from User: tds34 | Login Successful.
 [ Nov/03/2020 | 02:52:12pm ]   Login attempt from User: tds34 | Login Successful.
 [ Nov/03/2020 | 02:52:12pm ]   Login attempt from User: tds34 | Login Successful.
 [ Nov/03/2020 | 03:15:39pm ]   Login attempt from User: tds34 | Login Successful.
 [ Nov/03/2020 | 03:15:39pm ]   Login attempt from User: tds34 | Login Successful.
 [ Nov/03/2020 | 03:31:08pm ]   Login attempt from User: tds34 | Login Successful.
 [ Nov/03/2020 | 03:31:08pm ]   Login attempt from User: tds34 | Login Successful.
 [ Nov/03/2020 | 05:04:35pm ]   Login attempt from User: tds34 | Login Successful.
 [ Nov/03/2020 | 05:04:35pm ]   Login attempt from User: tds34 | Login Successful.
 [ Nov/03/2020 | 05:07:11pm ]   [ Nov/03/2020 | 05:07:11pm ]   [ Nov/03/2020 | 05:07:30pm ]   [ Nov/03/2020 | 05:07:30pm ]   [ Nov/03/2020 | 05:15:44pm ]   [ Nov/03/2020 | 05:15:44pm ]   [ Nov/03/2020 | 05:18:38pm ]   [ Nov/03/2020 | 05:18:38pm ]   [ Nov/03/2020 | 05:22:58pm ]   Login attempt from User: tds34 | Login Successful.
 [ Nov/03/2020 | 05:22:58pm ]   Login attempt from User: tds34 | Login Successful.
 [ Nov/03/2020 | 05:29:43pm ]   Login attempt from User: tds34 | Login Successful.
 [ Nov/03/2020 | 05:29:43pm ]   Login attempt from User: tds34 | Login Successful.
 